<?xml version="1.0" encoding="UTF-8"?>
<!-- Generated by org.testng.reporters.JUnitXMLReporter -->
<testsuite ignored="0" hostname="DESKTOP-E77DV7E" failures="1" tests="1" name="Default test" time="47.816" errors="0" timestamp="2024-12-26T19:13:17 IST">
  <testcase classname="io.cucumber.testng.AbstractTestNGCucumberTests" name="runScenario" time="47.352">
    <failure type="java.lang.AssertionError" message="Application should display an error Message as &amp;apos;Password must contain at least one uppercase letter, one lowercase letter, one special character and one number&amp;apos; expected [Password must be alphanumeric with atleast seven characters] but found [Invalid credentials]">
      <![CDATA[java.lang.AssertionError: Application should display an error Message as 'Password must contain at least one uppercase letter, one lowercase letter, one special character and one number' expected [Password must be alphanumeric with atleast seven characters] but found [Invalid credentials]
at org.testng.Assert.fail(Assert.java:111)
at org.testng.Assert.failNotEquals(Assert.java:1578)
at org.testng.Assert.assertEqualsImpl(Assert.java:150)
at org.testng.Assert.assertEquals(Assert.java:132)
at org.testng.Assert.assertEquals(Assert.java:656)
at com.testingshashtra.stepdefinition.UserLoginSteps.checkErrorMsgPswSpecialChar(UserLoginSteps.java:447)
at ✽.Application should display an Error Message as 'Password must contain at least one uppercase letter, one lowercase letter, one special character and one number'(file:///D:/OrangeHrmClone/Orangehrm/src/test/resources/Features/orangehrm-login.feature:127)
]]>
    </failure>
  </testcase> <!-- runScenario -->
</testsuite> <!-- Default test -->
