{"uuid":"37e0448d-f7ce-479a-8045-db920c45b152","historyId":"bf49f818fada6b63c8ad636bfa40506c","testCaseId":"92f7f807f1ea1eedbc63df54e590d30f","fullName":"src/test/resources/Features/qualification.feature:59","labels":[{"name":"tag","value":"today"},{"name":"host","value":"LAPTOP-SBMLAPFQ"},{"name":"thread","value":"8196@LAPTOP-SBMLAPFQ.main(1)"},{"name":"feature","value":"This feature file includes all the testcases related to Qualifications dropdown option of orangeHRM"},{"name":"story","value":"To verify when user enters combination of character and number in Name field"},{"name":"suite","value":"This feature file includes all the testcases related to Qualifications dropdown option of orangeHRM"},{"name":"testClass","value":"To verify when user enters combination of character and number in Name field"},{"name":"framework","value":"cucumber4jvm"},{"name":"language","value":"java"},{"name":"gherkin_uri","value":"file:///E:/TestingShastra/Workspace/OrangeHRM/src/test/resources/Features/qualification.feature"},{"name":"package","value":"src.test.resources.Features.qualification_feature.This feature file includes all the testcases related to Qualifications dropdown option of orangeHRM"}],"links":[],"name":"To verify when user enters combination of character and number in Name field","status":"broken","statusDetails":{"known":false,"muted":false,"flaky":false,"message":"Failed to decode response from marionette\nBuild info: version: '4.25.0', revision: '8a8aea2337'\nSystem info: os.name: 'Windows 11', os.arch: 'amd64', os.version: '10.0', java.version: '22.0.1'\nDriver info: org.openqa.selenium.firefox.FirefoxDriver\nCommand: [69bd1f62-554b-4907-91ca-9b1220b752b6, findElement {value=ul.oxd-dropdown-menu, using=css selector}]\nCapabilities {acceptInsecureCerts: true, browserName: firefox, browserVersion: 133.0.3, moz:accessibilityChecks: false, moz:buildID: 20241209150345, moz:debuggerAddress: 127.0.0.1:15883, moz:geckodriverVersion: 0.35.0, moz:headless: false, moz:platformVersion: 10.0, moz:processID: 31712, moz:profile: C:\\Users\\rupes\\AppData\\Loca..., moz:shutdownTimeout: 60000, moz:webdriverClick: true, moz:windowless: false, pageLoadStrategy: normal, platformName: windows, proxy: Proxy(), se:cdp: ws://127.0.0.1:15883/devtoo..., se:cdpVersion: 85.0, setWindowRect: true, strictFileInteractability: false, timeouts: {implicit: 0, pageLoad: 300000, script: 30000}, unhandledPromptBehavior: dismiss and notify, userAgent: Mozilla/5.0 (Windows NT 10....}\nSession ID: 69bd1f62-554b-4907-91ca-9b1220b752b6","trace":"org.openqa.selenium.WebDriverException: Failed to decode response from marionette\nBuild info: version: '4.25.0', revision: '8a8aea2337'\nSystem info: os.name: 'Windows 11', os.arch: 'amd64', os.version: '10.0', java.version: '22.0.1'\nDriver info: org.openqa.selenium.firefox.FirefoxDriver\nCommand: [69bd1f62-554b-4907-91ca-9b1220b752b6, findElement {value=ul.oxd-dropdown-menu, using=css selector}]\nCapabilities {acceptInsecureCerts: true, browserName: firefox, browserVersion: 133.0.3, moz:accessibilityChecks: false, moz:buildID: 20241209150345, moz:debuggerAddress: 127.0.0.1:15883, moz:geckodriverVersion: 0.35.0, moz:headless: false, moz:platformVersion: 10.0, moz:processID: 31712, moz:profile: C:\\Users\\rupes\\AppData\\Loca..., moz:shutdownTimeout: 60000, moz:webdriverClick: true, moz:windowless: false, pageLoadStrategy: normal, platformName: windows, proxy: Proxy(), se:cdp: ws://127.0.0.1:15883/devtoo..., se:cdpVersion: 85.0, setWindowRect: true, strictFileInteractability: false, timeouts: {implicit: 0, pageLoad: 300000, script: 30000}, unhandledPromptBehavior: dismiss and notify, userAgent: Mozilla/5.0 (Windows NT 10....}\nSession ID: 69bd1f62-554b-4907-91ca-9b1220b752b6\r\n\tat java.base/jdk.internal.reflect.DirectConstructorHandleAccessor.newInstance(DirectConstructorHandleAccessor.java:62)\r\n\tat java.base/java.lang.reflect.Constructor.newInstanceWithCaller(Constructor.java:502)\r\n\tat java.base/java.lang.reflect.Constructor.newInstance(Constructor.java:486)\r\n\tat org.openqa.selenium.remote.ErrorCodec.decode(ErrorCodec.java:167)\r\n\tat org.openqa.selenium.remote.codec.w3c.W3CHttpResponseCodec.decode(W3CHttpResponseCodec.java:138)\r\n\tat org.openqa.selenium.remote.codec.w3c.W3CHttpResponseCodec.decode(W3CHttpResponseCodec.java:50)\r\n\tat org.openqa.selenium.remote.HttpCommandExecutor.execute(HttpCommandExecutor.java:190)\r\n\tat org.openqa.selenium.remote.service.DriverCommandExecutor.invokeExecute(DriverCommandExecutor.java:216)\r\n\tat org.openqa.selenium.remote.service.DriverCommandExecutor.execute(DriverCommandExecutor.java:174)\r\n\tat org.openqa.selenium.remote.RemoteWebDriver.execute(RemoteWebDriver.java:545)\r\n\tat org.openqa.selenium.remote.ElementLocation$ElementFinder$2.findElement(ElementLocation.java:165)\r\n\tat org.openqa.selenium.remote.ElementLocation.findElement(ElementLocation.java:59)\r\n\tat org.openqa.selenium.remote.RemoteWebDriver.findElement(RemoteWebDriver.java:368)\r\n\tat org.openqa.selenium.remote.RemoteWebDriver.findElement(RemoteWebDriver.java:362)\r\n\tat org.openqa.selenium.support.pagefactory.DefaultElementLocator.findElement(DefaultElementLocator.java:68)\r\n\tat org.openqa.selenium.support.pagefactory.internal.LocatingElementHandler.invoke(LocatingElementHandler.java:38)\r\n\tat jdk.proxy2/jdk.proxy2.$Proxy24.isDisplayed(Unknown Source)\r\n\tat org.openqa.selenium.support.ui.ExpectedConditions.elementIfVisible(ExpectedConditions.java:304)\r\n\tat org.openqa.selenium.support.ui.ExpectedConditions$10.apply(ExpectedConditions.java:290)\r\n\tat org.openqa.selenium.support.ui.ExpectedConditions$10.apply(ExpectedConditions.java:287)\r\n\tat org.openqa.selenium.support.ui.FluentWait.until(FluentWait.java:203)\r\n\tat com.testingshashtra.wait.WaitFor.visibilityOfElement(WaitFor.java:23)\r\n\tat com.testingshashtra.pages.HomePage.clickQualificationsDropDownMenu(HomePage.java:65)\r\n\tat com.testingshashtra.stepdefinition.QualificationsSteps.userClickOnQualificationDropdownForNameFieldAsCombOfCharNum(QualificationsSteps.java:250)\r\n\tat ✽.User login successfully and click on qualification dropdown menu for Name field as combination of character and number(file:///E:/TestingShastra/Workspace/OrangeHRM/src/test/resources/Features/qualification.feature:61)\r\n"},"stage":"finished","steps":[{"name":"When User login successfully and click on qualification dropdown menu for Name field as combination of character and number","status":"broken","statusDetails":{"known":false,"muted":false,"flaky":false,"message":"Failed to decode response from marionette\nBuild info: version: '4.25.0', revision: '8a8aea2337'\nSystem info: os.name: 'Windows 11', os.arch: 'amd64', os.version: '10.0', java.version: '22.0.1'\nDriver info: org.openqa.selenium.firefox.FirefoxDriver\nCommand: [69bd1f62-554b-4907-91ca-9b1220b752b6, findElement {value=ul.oxd-dropdown-menu, using=css selector}]\nCapabilities {acceptInsecureCerts: true, browserName: firefox, browserVersion: 133.0.3, moz:accessibilityChecks: false, moz:buildID: 20241209150345, moz:debuggerAddress: 127.0.0.1:15883, moz:geckodriverVersion: 0.35.0, moz:headless: false, moz:platformVersion: 10.0, moz:processID: 31712, moz:profile: C:\\Users\\rupes\\AppData\\Loca..., moz:shutdownTimeout: 60000, moz:webdriverClick: true, moz:windowless: false, pageLoadStrategy: normal, platformName: windows, proxy: Proxy(), se:cdp: ws://127.0.0.1:15883/devtoo..., se:cdpVersion: 85.0, setWindowRect: true, strictFileInteractability: false, timeouts: {implicit: 0, pageLoad: 300000, script: 30000}, unhandledPromptBehavior: dismiss and notify, userAgent: Mozilla/5.0 (Windows NT 10....}\nSession ID: 69bd1f62-554b-4907-91ca-9b1220b752b6","trace":"org.openqa.selenium.WebDriverException: Failed to decode response from marionette\nBuild info: version: '4.25.0', revision: '8a8aea2337'\nSystem info: os.name: 'Windows 11', os.arch: 'amd64', os.version: '10.0', java.version: '22.0.1'\nDriver info: org.openqa.selenium.firefox.FirefoxDriver\nCommand: [69bd1f62-554b-4907-91ca-9b1220b752b6, findElement {value=ul.oxd-dropdown-menu, using=css selector}]\nCapabilities {acceptInsecureCerts: true, browserName: firefox, browserVersion: 133.0.3, moz:accessibilityChecks: false, moz:buildID: 20241209150345, moz:debuggerAddress: 127.0.0.1:15883, moz:geckodriverVersion: 0.35.0, moz:headless: false, moz:platformVersion: 10.0, moz:processID: 31712, moz:profile: C:\\Users\\rupes\\AppData\\Loca..., moz:shutdownTimeout: 60000, moz:webdriverClick: true, moz:windowless: false, pageLoadStrategy: normal, platformName: windows, proxy: Proxy(), se:cdp: ws://127.0.0.1:15883/devtoo..., se:cdpVersion: 85.0, setWindowRect: true, strictFileInteractability: false, timeouts: {implicit: 0, pageLoad: 300000, script: 30000}, unhandledPromptBehavior: dismiss and notify, userAgent: Mozilla/5.0 (Windows NT 10....}\nSession ID: 69bd1f62-554b-4907-91ca-9b1220b752b6\r\n\tat java.base/jdk.internal.reflect.DirectConstructorHandleAccessor.newInstance(DirectConstructorHandleAccessor.java:62)\r\n\tat java.base/java.lang.reflect.Constructor.newInstanceWithCaller(Constructor.java:502)\r\n\tat java.base/java.lang.reflect.Constructor.newInstance(Constructor.java:486)\r\n\tat org.openqa.selenium.remote.ErrorCodec.decode(ErrorCodec.java:167)\r\n\tat org.openqa.selenium.remote.codec.w3c.W3CHttpResponseCodec.decode(W3CHttpResponseCodec.java:138)\r\n\tat org.openqa.selenium.remote.codec.w3c.W3CHttpResponseCodec.decode(W3CHttpResponseCodec.java:50)\r\n\tat org.openqa.selenium.remote.HttpCommandExecutor.execute(HttpCommandExecutor.java:190)\r\n\tat org.openqa.selenium.remote.service.DriverCommandExecutor.invokeExecute(DriverCommandExecutor.java:216)\r\n\tat org.openqa.selenium.remote.service.DriverCommandExecutor.execute(DriverCommandExecutor.java:174)\r\n\tat org.openqa.selenium.remote.RemoteWebDriver.execute(RemoteWebDriver.java:545)\r\n\tat org.openqa.selenium.remote.ElementLocation$ElementFinder$2.findElement(ElementLocation.java:165)\r\n\tat org.openqa.selenium.remote.ElementLocation.findElement(ElementLocation.java:59)\r\n\tat org.openqa.selenium.remote.RemoteWebDriver.findElement(RemoteWebDriver.java:368)\r\n\tat org.openqa.selenium.remote.RemoteWebDriver.findElement(RemoteWebDriver.java:362)\r\n\tat org.openqa.selenium.support.pagefactory.DefaultElementLocator.findElement(DefaultElementLocator.java:68)\r\n\tat org.openqa.selenium.support.pagefactory.internal.LocatingElementHandler.invoke(LocatingElementHandler.java:38)\r\n\tat jdk.proxy2/jdk.proxy2.$Proxy24.isDisplayed(Unknown Source)\r\n\tat org.openqa.selenium.support.ui.ExpectedConditions.elementIfVisible(ExpectedConditions.java:304)\r\n\tat org.openqa.selenium.support.ui.ExpectedConditions$10.apply(ExpectedConditions.java:290)\r\n\tat org.openqa.selenium.support.ui.ExpectedConditions$10.apply(ExpectedConditions.java:287)\r\n\tat org.openqa.selenium.support.ui.FluentWait.until(FluentWait.java:203)\r\n\tat com.testingshashtra.wait.WaitFor.visibilityOfElement(WaitFor.java:23)\r\n\tat com.testingshashtra.pages.HomePage.clickQualificationsDropDownMenu(HomePage.java:65)\r\n\tat com.testingshashtra.stepdefinition.QualificationsSteps.userClickOnQualificationDropdownForNameFieldAsCombOfCharNum(QualificationsSteps.java:250)\r\n\tat ✽.User login successfully and click on qualification dropdown menu for Name field as combination of character and number(file:///E:/TestingShastra/Workspace/OrangeHRM/src/test/resources/Features/qualification.feature:61)\r\n"},"stage":"finished","steps":[],"attachments":[],"parameters":[],"start":1735745684092,"stop":1735745699638},{"name":"And select Skills option for Name field as combination of character and number","status":"skipped","statusDetails":{"known":false,"muted":false,"flaky":false},"stage":"finished","steps":[],"attachments":[],"parameters":[],"start":1735745699638,"stop":1735745699638},{"name":"And click on add button for Name field as combination of character and number","status":"skipped","statusDetails":{"known":false,"muted":false,"flaky":false},"stage":"finished","steps":[],"attachments":[],"parameters":[],"start":1735745699638,"stop":1735745699638},{"name":"And Keep Name field as combination of character and number","status":"skipped","statusDetails":{"known":false,"muted":false,"flaky":false},"stage":"finished","steps":[],"attachments":[],"parameters":[],"start":1735745699638,"stop":1735745699638},{"name":"And click on Save button for combination of character and number","status":"skipped","statusDetails":{"known":false,"muted":false,"flaky":false},"stage":"finished","steps":[],"attachments":[],"parameters":[],"start":1735745699638,"stop":1735745699638},{"name":"Then It should show error message as 'Please Enter The Name' for combination of character and number","status":"skipped","statusDetails":{"known":false,"muted":false,"flaky":false},"stage":"finished","steps":[],"attachments":[],"parameters":[],"start":1735745699638,"stop":1735745699638}],"attachments":[],"parameters":[],"start":1735745677380,"stop":1735745699638}