<?xml version="1.0" encoding="UTF-8"?>
<testng-results ignored="0" total="1" passed="0" failed="1" skipped="0">
  <reporter-output>
  </reporter-output>
  <suite started-at="2024-12-26T19:12:29 IST" name="Default suite" finished-at="2024-12-26T19:13:17 IST" duration-ms="47816">
    <groups>
      <group name="cucumber">
        <method signature="AbstractTestNGCucumberTests.runScenario(io.cucumber.testng.PickleWrapper,io.cucumber.testng.FeatureWrapper)[pri:0, instance:com.testingshashtra.runner.FeatureRunner@10aa41f2]" name="runScenario" class="io.cucumber.testng.AbstractTestNGCucumberTests"/>
      </group> <!-- cucumber -->
    </groups>
    <test started-at="2024-12-26T19:12:29 IST" name="Default test" finished-at="2024-12-26T19:13:17 IST" duration-ms="47816">
      <class name="com.testingshashtra.runner.FeatureRunner">
        <test-method is-config="true" signature="setUpClass(org.testng.ITestContext)[pri:0, instance:com.testingshashtra.runner.FeatureRunner@10aa41f2]" started-at="2024-12-26T19:12:29 IST" name="setUpClass" finished-at="2024-12-26T19:12:30 IST" duration-ms="426" status="PASS">
          <params>
            <param index="0">
              <value>
                <![CDATA[org.testng.TestRunner@690bc15e]]>
              </value>
            </param>
          </params>
          <reporter-output>
          </reporter-output>
        </test-method> <!-- setUpClass -->
        <test-method signature="runScenario(io.cucumber.testng.PickleWrapper,io.cucumber.testng.FeatureWrapper)[pri:0, instance:com.testingshashtra.runner.FeatureRunner@10aa41f2]" started-at="2024-12-26T19:12:30 IST" name="runScenario" description="Runs Cucumber Scenarios" data-provider="scenarios" finished-at="2024-12-26T19:13:17 IST" duration-ms="47352" status="FAIL">
          <params>
            <param index="0">
              <value>
                <![CDATA["To verify when user enters password as special character"]]>
              </value>
            </param>
            <param index="1">
              <value>
                <![CDATA["This feature file includes all test cases related to Login Page of Orangehrm"]]>
              </value>
            </param>
          </params>
          <exception class="java.lang.AssertionError">
            <message>
              <![CDATA[Application should display an error Message as 'Password must contain at least one uppercase letter, one lowercase letter, one special character and one number' expected [Password must be alphanumeric with atleast seven characters] but found [Invalid credentials]]]>
            </message>
            <full-stacktrace>
              <![CDATA[java.lang.AssertionError: Application should display an error Message as 'Password must contain at least one uppercase letter, one lowercase letter, one special character and one number' expected [Password must be alphanumeric with atleast seven characters] but found [Invalid credentials]
at org.testng.Assert.fail(Assert.java:111)
at org.testng.Assert.failNotEquals(Assert.java:1578)
at org.testng.Assert.assertEqualsImpl(Assert.java:150)
at org.testng.Assert.assertEquals(Assert.java:132)
at org.testng.Assert.assertEquals(Assert.java:656)
at com.testingshashtra.stepdefinition.UserLoginSteps.checkErrorMsgPswSpecialChar(UserLoginSteps.java:447)
at ✽.Application should display an Error Message as 'Password must contain at least one uppercase letter, one lowercase letter, one special character and one number'(file:///D:/OrangeHrmClone/Orangehrm/src/test/resources/Features/orangehrm-login.feature:127)
]]>
            </full-stacktrace>
          </exception> <!-- java.lang.AssertionError -->
          <reporter-output>
          </reporter-output>
        </test-method> <!-- runScenario -->
        <test-method is-config="true" signature="tearDownClass()[pri:0, instance:com.testingshashtra.runner.FeatureRunner@10aa41f2]" started-at="2024-12-26T19:13:17 IST" name="tearDownClass" finished-at="2024-12-26T19:13:17 IST" duration-ms="1" status="PASS">
          <reporter-output>
          </reporter-output>
        </test-method> <!-- tearDownClass -->
      </class> <!-- com.testingshashtra.runner.FeatureRunner -->
    </test> <!-- Default test -->
  </suite> <!-- Default suite -->
</testng-results>
