<?xml version="1.0" encoding="UTF-8"?>
<testng-results ignored="0" total="1" passed="1" failed="0" skipped="0">
  <reporter-output>
  </reporter-output>
  <suite started-at="2025-01-03T19:32:11 IST" name="Default suite" finished-at="2025-01-03T19:32:35 IST" duration-ms="24536">
    <groups>
      <group name="cucumber">
        <method signature="AbstractTestNGCucumberTests.runScenario(io.cucumber.testng.PickleWrapper,io.cucumber.testng.FeatureWrapper)[pri:0, instance:com.testingshashtra.runner.FeatureRunner@2de56eb2]" name="runScenario" class="io.cucumber.testng.AbstractTestNGCucumberTests"/>
      </group> <!-- cucumber -->
    </groups>
    <test started-at="2025-01-03T19:32:11 IST" name="Default test" finished-at="2025-01-03T19:32:35 IST" duration-ms="24536">
      <class name="com.testingshashtra.runner.FeatureRunner">
        <test-method is-config="true" signature="setUpClass(org.testng.ITestContext)[pri:0, instance:com.testingshashtra.runner.FeatureRunner@2de56eb2]" started-at="2025-01-03T19:32:11 IST" name="setUpClass" finished-at="2025-01-03T19:32:12 IST" duration-ms="1511" status="PASS">
          <params>
            <param index="0">
              <value>
                <![CDATA[org.testng.TestRunner@17ba57f0]]>
              </value>
            </param>
          </params>
          <reporter-output>
          </reporter-output>
        </test-method> <!-- setUpClass -->
        <test-method signature="runScenario(io.cucumber.testng.PickleWrapper,io.cucumber.testng.FeatureWrapper)[pri:0, instance:com.testingshashtra.runner.FeatureRunner@2de56eb2]" started-at="2025-01-03T19:32:12 IST" name="runScenario" description="Runs Cucumber Scenarios" data-provider="scenarios" finished-at="2025-01-03T19:32:35 IST" duration-ms="22920" status="PASS">
          <params>
            <param index="0">
              <value>
                <![CDATA["To verify when user selects any file"]]>
              </value>
            </param>
            <param index="1">
              <value>
                <![CDATA["This feature file include all test cases related to Add Employee"]]>
              </value>
            </param>
          </params>
          <reporter-output>
          </reporter-output>
        </test-method> <!-- runScenario -->
        <test-method is-config="true" signature="tearDownClass()[pri:0, instance:com.testingshashtra.runner.FeatureRunner@2de56eb2]" started-at="2025-01-03T19:32:35 IST" name="tearDownClass" finished-at="2025-01-03T19:32:35 IST" duration-ms="5" status="PASS">
          <reporter-output>
          </reporter-output>
        </test-method> <!-- tearDownClass -->
      </class> <!-- com.testingshashtra.runner.FeatureRunner -->
    </test> <!-- Default test -->
  </suite> <!-- Default suite -->
</testng-results>
