<?xml version="1.0" encoding="UTF-8"?>
<!-- Generated by org.testng.reporters.JUnitReportReporter -->
<testsuite hostname="DESKTOP-E77DV7E" failures="1" tests="1" name="com.testingshashtra.runner.FeatureRunner" time="7.603" errors="0" timestamp="2024-12-25T20:43:31 IST" skipped="0">
  <testcase classname="com.testingshashtra.runner.FeatureRunner" name="runScenario" time="7.603">
    <failure message="Application display  an error message as &#039;Invalid Credentials&#039; instead it should show error message as &#039;Please enter valid Creadentials&#039; expected [Please enter valid credentials] but found [Required]" type="java.lang.AssertionError">
      <![CDATA[java.lang.AssertionError: Application display  an error message as 'Invalid Credentials' instead it should show error message as 'Please enter valid Creadentials' expected [Please enter valid credentials] but found [Required]
at org.testng.Assert.fail(Assert.java:111)
at org.testng.Assert.failNotEquals(Assert.java:1578)
at org.testng.Assert.assertEqualsImpl(Assert.java:150)
at org.testng.Assert.assertEquals(Assert.java:132)
at org.testng.Assert.assertEquals(Assert.java:656)
at com.testingshashtra.stepdefinition.UserLoginSteps.checkErrorMessageValidUsernmBlankPsw(UserLoginSteps.java:158)
at ✽.Application display error message as 'Required' instead it should show error message as 'Please enter valid Creadentials'(file:///D:/OrangeHrmClone/Orangehrm/src/test/resources/Features/orangehrm-login.feature:43)
]]>
    </failure>
  </testcase> <!-- runScenario -->
</testsuite> <!-- com.testingshashtra.runner.FeatureRunner -->
